Vasilisa kurama@vasprinby 17
Неверный e-mail
*************
78 78@ip.com 51
Имя содержит не только буквенные символы
*************
Traybrayker tray@gmail.com aa
Неверно указан возраст!
*************
Roud60 60 Не заполнены все поля
*************
Vasilisa kurama@vasprinby 17
Неверный e-mail
*************
78 78@ip.com 51
Имя содержит не только буквенные символы
*************
Traybrayker tray@gmail.com aa
Неверно указан возраст!
*************
Roud60 60 Не заполнены все поля
*************
Vasilisa kurama@vasprinby 17
Неверный e-mail
*************
78 78@ip.com 51
Имя содержит не только буквенные символы
*************
Traybrayker tray@gmail.com aa
Неверно указан возраст!
*************
Roud60 60 Не заполнены все поля
*************
